<?xml version="1.0" encoding="UTF-8"?>
<testsuite name="com.example.netzv2.NetzParityTest" tests="1" skipped="0" failures="0" errors="0" timestamp="2026-05-12T11:22:16.413Z" hostname="Michaels-MacBook-Pro.local" time="0.009">
  <properties/>
  <testcase name="printNetzForCities" classname="com.example.netzv2.NetzParityTest" time="0.009"/>
  <system-out><![CDATA[
======== Netz parity check (KosherJava AstronomicalCalendar) ========

Date: 2026-05-15
City                   Mishor     HaNireh    Δ      
Jerusalem (ירושלים)    05:42:26   05:37:55   +270s  (elev=754m)
Tzfat (צפת)            05:38:54   05:34:02   +292s  (elev=850m)
Tel Aviv (תל אביב)     05:43:32   05:43:10    +22s  (elev=5m)
Beit El (בית אל)       05:42:00   05:37:07   +293s  (elev=880m)

Date: 2026-06-21
City                   Mishor     HaNireh    Δ      
Jerusalem (ירושלים)    05:34:08   05:29:24   +284s  (elev=754m)
Tzfat (צפת)            05:29:54   05:24:47   +307s  (elev=850m)
Tel Aviv (תל אביב)     05:35:03   05:34:40    +23s  (elev=5m)
Beit El (בית אל)       05:33:36   05:28:28   +307s  (elev=880m)

Date: 2026-12-21
City                   Mishor     HaNireh    Δ      
Jerusalem (ירושלים)    06:34:55   06:30:16   +279s  (elev=754m)
Tzfat (צפת)            06:36:45   06:31:43   +301s  (elev=850m)
Tel Aviv (תל אביב)     06:37:25   06:37:03    +22s  (elev=5m)
Beit El (בית אל)       06:35:15   06:30:12   +302s  (elev=880m)

]]></system-out>
  <system-err><![CDATA[]]></system-err>
</testsuite>
